15:36:53 **** Clean-only build of configuration Default for project game_of_life ****
xmake clean 
Cleaning /home/bmiki/CS/Concurrent Computing/workspace/COMS20001/game_of_life
rm -rf './bin/'
rm -rf '.build'
15:36:57 **** Build of configuration Default for project game_of_life ****
xmake all 
Checking build modules
Using build modules: lib_i2c(3.0.0) lib_logging(2.0.0) lib_xassert(2.0.0)
Analyzing pgmIO.c
Analyzing debug_printf.c
Analyzing main.xc
Analyzing i2c_master_async.xc
/home/bmiki/CS/Concurrent Computing/workspace/COMS20001/lib_i2c/src/i2c_master_async.xc:126:26: warning: argument 1 of `i2c_master_async_aux' slices interface preventing analysis of its parallel usage [-Wunusual-code]
    i2c_master_async_aux(i, n, i2c_dist[0], max_transaction_size);
                         ^
Analyzing i2c_master_ext.xc
Analyzing i2c_master_single_port.xc
Analyzing i2c_master.xc
Analyzing i2c_slave.xc
Analyzing xassert.xc
Propagating analysis
Creating dependencies for xassert.xc
Creating dependencies for i2c_slave.xc
Creating dependencies for i2c_master.xc
Creating dependencies for i2c_master_single_port.xc
Creating dependencies for i2c_master_ext.xc
Creating dependencies for i2c_master_async.xc
Creating dependencies for main.xc
Creating dependencies for debug_printf.c
Creating dependencies for pgmIO.c
Compiling pgmIO.c
Compiling debug_printf.c
Compiling main.xc
Compiling i2c_master_async.xc
/home/bmiki/CS/Concurrent Computing/workspace/COMS20001/lib_i2c/src/i2c_master_async.xc:126:26: warning: argument 1 of `i2c_master_async_aux' slices interface preventing analysis of its parallel usage [-Wunusual-code]
    i2c_master_async_aux(i, n, i2c_dist[0], max_transaction_size);
                         ^
Compiling i2c_master_ext.xc
Compiling i2c_master_single_port.xc
Compiling i2c_master.xc
Compiling i2c_slave.xc
Compiling xassert.xc
Creating game_of_life.xe
Build Complete
15:37:44 **** Incremental Build of configuration Default for project game_of_life ****
xmake all 
Checking build modules
Using build modules: lib_i2c(3.0.0) lib_logging(2.0.0) lib_xassert(2.0.0)
xmake[1]: `bin//game_of_life.xe' is up to date.
Build Complete
15:45:27 **** Incremental Build of configuration Default for project game_of_life ****
xmake all 
Checking build modules
Using build modules: lib_i2c(3.0.0) lib_logging(2.0.0) lib_xassert(2.0.0)
Analyzing main.xc
../src/main.xc:140:46: error: unknown function identifier `min' (possibly missing prototype?)
                            int maxIntSize = min(32, IMWD);
                                             ^
xmake[1]: *** [.build/src/main.xc.pca.xml.decouple] Error 1
xmake: *** [analyze] Error 2
15:46:04 **** Incremental Build of configuration Default for project game_of_life ****
xmake all 
Checking build modules
Using build modules: lib_i2c(3.0.0) lib_logging(2.0.0) lib_xassert(2.0.0)
Analyzing main.xc
Propagating analysis
Creating dependencies for main.xc
Compiling main.xc
Creating game_of_life.xe
Build Complete
15:49:59 **** Incremental Build of configuration Default for project game_of_life ****
xmake all 
Checking build modules
Using build modules: lib_i2c(3.0.0) lib_logging(2.0.0) lib_xassert(2.0.0)
Analyzing main.xc
Creating dependencies for main.xc
Compiling main.xc
Creating game_of_life.xe
Build Complete
15:56:01 **** Incremental Build of configuration Default for project game_of_life ****
xmake all 
Checking build modules
Using build modules: lib_i2c(3.0.0) lib_logging(2.0.0) lib_xassert(2.0.0)
Analyzing main.xc
Creating dependencies for main.xc
Compiling main.xc
Creating game_of_life.xe
Constraint check for tile[0]:
  Cores available:            8,   used:          7 .  OKAY
  Timers available:          10,   used:          7 .  OKAY
  Chanends available:        32,   used:         22 .  OKAY
  Memory available:       262144,   used:      578240 .  FAILED
    (Stack: 547740, Code: 28896, Data: 1604)
Error: Constraints check FAILED for tile[0].
xmake[1]: *** [bin//game_of_life.xe] Error 1
xmake: *** [bin//game_of_life.xe] Error 2
15:56:25 **** Incremental Build of configuration Default for project game_of_life ****
xmake all 
Checking build modules
Using build modules: lib_i2c(3.0.0) lib_logging(2.0.0) lib_xassert(2.0.0)
Analyzing main.xc
Creating dependencies for main.xc
Compiling main.xc
Creating game_of_life.xe
Constraint check for tile[0]:
  Cores available:            8,   used:          7 .  OKAY
  Timers available:          10,   used:          7 .  OKAY
  Chanends available:        32,   used:         22 .  OKAY
  Memory available:       262144,   used:      578240 .  FAILED
    (Stack: 547740, Code: 28896, Data: 1604)
Error: Constraints check FAILED for tile[0].
xmake[1]: *** [bin//game_of_life.xe] Error 1
xmake: *** [bin//game_of_life.xe] Error 2
15:59:40 **** Incremental Build of configuration Default for project game_of_life ****
xmake all 
Checking build modules
Using build modules: lib_i2c(3.0.0) lib_logging(2.0.0) lib_xassert(2.0.0)
Analyzing main.xc
../src/main.xc:473:27: error: unknown function identifier `circularLeftShift' (possibly missing prototype?)
    addToRow(newRowCount, circularLeftShift(selfCopy, length), length);
                          ^
../src/main.xc:473:5: error: unknown function identifier `addToRow' (possibly missing prototype?)
    addToRow(newRowCount, circularLeftShift(selfCopy, length), length);
    ^
../src/main.xc:475:27: error: unknown function identifier `circularRightShift' (possibly missing prototype?)
    addToRow(newRowCount, circularRightShift(selfCopy, length), length);
                          ^
../src/main.xc:477:5: error: unknown function identifier `addThreeRows' (possibly missing prototype?)
    addThreeRows(newRowCount, top, length);
    ^
xmake[1]: *** [.build/src/main.xc.pca.xml.decouple] Error 1
xmake: *** [analyze] Error 2
16:00:08 **** Incremental Build of configuration Default for project game_of_life ****
xmake all 
Checking build modules
Using build modules: lib_i2c(3.0.0) lib_logging(2.0.0) lib_xassert(2.0.0)
Analyzing main.xc
../src/main.xc:432:32: error: unknown function identifier `circularLeftShift' (possibly missing prototype?)
    unsigned int leftShifted = circularLeftShift(added, length);
                               ^
../src/main.xc:433:33: error: unknown function identifier `circularRightShift' (possibly missing prototype?)
    unsigned int rightShifted = circularRightShift(added, length);
                                ^
../src/main.xc:473:27: error: unknown function identifier `circularLeftShift' (possibly missing prototype?)
    addToRow(newRowCount, circularLeftShift(selfCopy, length), length);
                          ^
../src/main.xc:475:27: error: unknown function identifier `circularRightShift' (possibly missing prototype?)
    addToRow(newRowCount, circularRightShift(selfCopy, length), length);
                          ^
xmake[1]: *** [.build/src/main.xc.pca.xml.decouple] Error 1
xmake: *** [analyze] Error 2
16:00:31 **** Incremental Build of configuration Default for project game_of_life ****
xmake all 
Checking build modules
Using build modules: lib_i2c(3.0.0) lib_logging(2.0.0) lib_xassert(2.0.0)
Analyzing main.xc
Propagating analysis
Creating dependencies for main.xc
Compiling main.xc
Creating game_of_life.xe
Constraint check for tile[0]:
  Cores available:            8,   used:          7 .  OKAY
  Timers available:          10,   used:          7 .  OKAY
  Chanends available:        32,   used:         22 .  OKAY
  Memory available:       262144,   used:      578240 .  FAILED
    (Stack: 547740, Code: 28896, Data: 1604)
Error: Constraints check FAILED for tile[0].
xmake[1]: *** [bin//game_of_life.xe] Error 1
xmake: *** [bin//game_of_life.xe] Error 2
16:05:01 **** Incremental Build of configuration Default for project game_of_life ****
xmake all 
Checking build modules
Using build modules: lib_i2c(3.0.0) lib_logging(2.0.0) lib_xassert(2.0.0)
Analyzing main.xc
../src/main.xc:288:13: error: invalid lvalue in assignment
            oldRowData = newRowData[k];
            ^~~~~~~~~~
../src/main.xc:288:24: error: incompatible types in assignment
            oldRowData = newRowData[k];
            ~~~~~~~~~~~^~~~~~~~~~~~~~~
../src/main.xc:290:13: error: invalid lvalue in assignment
            oldOldRowData = oldRowData;
            ^~~~~~~~~~~~~
../src/main.xc:290:27: error: incompatible types in assignment
            oldOldRowData = oldRowData;
            ~~~~~~~~~~~~~~^~~~~~~~~~~~
../src/main.xc:303:44: error: subscripted value is not an array or pointer
                        fromDistributor <: oldRowData[j][d];
                                           ^~~~~~~~~~~~~
../src/main.xc:303:44: error: incompatible types in output
                        fromDistributor <: oldRowData[j][d];
                                           ^~~~~~~~~~~~~~~~
xmake[1]: *** [.build/src/main.xc.pca.xml.decouple] Error 1
xmake: *** [analyze] Error 2
16:06:28 **** Incremental Build of configuration Default for project game_of_life ****
xmake all 
Checking build modules
Using build modules: lib_i2c(3.0.0) lib_logging(2.0.0) lib_xassert(2.0.0)
Analyzing main.xc
Creating dependencies for main.xc
Compiling main.xc
Creating game_of_life.xe
Constraint check for tile[0]:
  Cores available:            8,   used:          7 .  OKAY
  Timers available:          10,   used:          7 .  OKAY
  Chanends available:        32,   used:         22 .  OKAY
  Memory available:       262144,   used:      316160 .  FAILED
    (Stack: 285628, Code: 28928, Data: 1604)
Error: Constraints check FAILED for tile[0].
xmake[1]: *** [bin//game_of_life.xe] Error 1
xmake: *** [bin//game_of_life.xe] Error 2
16:08:56 **** Incremental Build of configuration Default for project game_of_life ****
xmake all 
Checking build modules
Using build modules: lib_i2c(3.0.0) lib_logging(2.0.0) lib_xassert(2.0.0)
Analyzing main.xc
Propagating analysis
Creating dependencies for main.xc
Compiling main.xc
Creating game_of_life.xe
Constraint check for tile[0]:
  Cores available:            8,   used:          7 .  OKAY
  Timers available:          10,   used:          7 .  OKAY
  Chanends available:        32,   used:         22 .  OKAY
  Memory available:       262144,   used:      311688 .  FAILED
    (Stack: 281372, Code: 28708, Data: 1608)
Error: Constraints check FAILED for tile[0].
xmake[1]: *** [bin//game_of_life.xe] Error 1
xmake: *** [bin//game_of_life.xe] Error 2
16:11:19 **** Incremental Build of configuration Default for project game_of_life ****
xmake all 
Checking build modules
Using build modules: lib_i2c(3.0.0) lib_logging(2.0.0) lib_xassert(2.0.0)
Analyzing main.xc
Propagating analysis
Creating dependencies for main.xc
Compiling main.xc
Creating game_of_life.xe
Constraint check for tile[0]:
  Cores available:            8,   used:          7 .  OKAY
  Timers available:          10,   used:          7 .  OKAY
  Chanends available:        32,   used:         22 .  OKAY
  Memory available:       262144,   used:      307296 .  FAILED
    (Stack: 277116, Code: 28572, Data: 1608)
Error: Constraints check FAILED for tile[0].
xmake[1]: *** [bin//game_of_life.xe] Error 1
xmake: *** [bin//game_of_life.xe] Error 2
16:12:11 **** Incremental Build of configuration Default for project game_of_life ****
xmake all 
Checking build modules
Using build modules: lib_i2c(3.0.0) lib_logging(2.0.0) lib_xassert(2.0.0)
Analyzing main.xc
Creating dependencies for main.xc
Compiling main.xc
Creating game_of_life.xe
Constraint check for tile[0]:
  Cores available:            8,   used:          7 .  OKAY
  Timers available:          10,   used:          7 .  OKAY
  Chanends available:        32,   used:         22 .  OKAY
  Memory available:       262144,   used:      307296 .  FAILED
    (Stack: 277116, Code: 28572, Data: 1608)
Error: Constraints check FAILED for tile[0].
xmake[1]: *** [bin//game_of_life.xe] Error 1
xmake: *** [bin//game_of_life.xe] Error 2
16:12:34 **** Incremental Build of configuration Default for project game_of_life ****
xmake all 
Checking build modules
Using build modules: lib_i2c(3.0.0) lib_logging(2.0.0) lib_xassert(2.0.0)
Analyzing main.xc
Propagating analysis
Creating dependencies for main.xc
Compiling main.xc
Creating game_of_life.xe
Constraint check for tile[0]:
  Cores available:            8,   used:          7 .  OKAY
  Timers available:          10,   used:          7 .  OKAY
  Chanends available:        32,   used:         22 .  OKAY
  Memory available:       262144,   used:      306080 .  FAILED
    (Stack: 276924, Code: 27548, Data: 1608)
Error: Constraints check FAILED for tile[0].
xmake[1]: *** [bin//game_of_life.xe] Error 1
xmake: *** [bin//game_of_life.xe] Error 2
16:12:47 **** Incremental Build of configuration Default for project game_of_life ****
xmake all 
Checking build modules
Using build modules: lib_i2c(3.0.0) lib_logging(2.0.0) lib_xassert(2.0.0)
Analyzing main.xc
Propagating analysis
Creating dependencies for main.xc
Compiling main.xc
Creating game_of_life.xe
Constraint check for tile[0]:
  Cores available:            8,   used:          7 .  OKAY
  Timers available:          10,   used:          7 .  OKAY
  Chanends available:        32,   used:         22 .  OKAY
  Memory available:       262144,   used:      307296 .  FAILED
    (Stack: 277116, Code: 28572, Data: 1608)
Error: Constraints check FAILED for tile[0].
xmake[1]: *** [bin//game_of_life.xe] Error 1
xmake: *** [bin//game_of_life.xe] Error 2
16:14:24 **** Incremental Build of configuration Default for project game_of_life ****
xmake all 
Checking build modules
Using build modules: lib_i2c(3.0.0) lib_logging(2.0.0) lib_xassert(2.0.0)
Analyzing main.xc
Creating dependencies for main.xc
Compiling main.xc
Creating game_of_life.xe
Constraint check for tile[0]:
  Cores available:            8,   used:          6 .  OKAY
  Timers available:          10,   used:          6 .  OKAY
  Chanends available:        32,   used:         20 .  OKAY
  Memory available:       262144,   used:      306184 .  FAILED
    (Stack: 276348, Code: 28240, Data: 1596)
Error: Constraints check FAILED for tile[0].
xmake[1]: *** [bin//game_of_life.xe] Error 1
xmake: *** [bin//game_of_life.xe] Error 2
21:19:49 **** Incremental Build of configuration Default for project game_of_life ****
xmake all 
Checking build modules
Using build modules: lib_i2c(3.0.0) lib_logging(2.0.0) lib_xassert(2.0.0)
Analyzing main.xc
../src/main.xc:274:44: error: index of array exceeds its upper bound
                bottomChannel <: oldRowData[ROWS_PER_THREAD][h];
                                           ^~~~~~~~~~~~~~~~~
../src/main.xc:275:61: error: index of array exceeds its upper bound
                bottomChannel :> oldRowData[ROWS_PER_THREAD + 1][h];
                                           ~~~~~~~~~~~~~~~~~^~~~
../src/main.xc:280:61: error: index of array exceeds its upper bound
                bottomChannel :> oldRowData[ROWS_PER_THREAD + 1][g];
                                           ~~~~~~~~~~~~~~~~~^~~~
../src/main.xc:283:44: error: index of array exceeds its upper bound
                bottomChannel <: oldRowData[ROWS_PER_THREAD][g];
                                           ^~~~~~~~~~~~~~~~~
../src/main.xc:287:65: error: use of undeclared identifer `oldwRowData'
            generateNewLargeRow(oldRowData[k-1], oldRowData[k], oldwRowData[k+1], newRowData[k],IMWD);
                                                                ^
xmake[1]: *** [.build/src/main.xc.pca.xml.decouple] Error 1
xmake: *** [analyze] Error 2
21:20:25 **** Incremental Build of configuration Default for project game_of_life ****
xmake all 
Checking build modules
Using build modules: lib_i2c(3.0.0) lib_logging(2.0.0) lib_xassert(2.0.0)
Analyzing main.xc
../src/main.xc:287:65: error: use of undeclared identifer `oldwRowData'
            generateNewLargeRow(oldRowData[k-1], oldRowData[k], oldwRowData[k+1], newRowData[k],IMWD);
                                                                ^
xmake[1]: *** [.build/src/main.xc.pca.xml.decouple] Error 1
xmake: *** [analyze] Error 2
21:20:38 **** Incremental Build of configuration Default for project game_of_life ****
xmake all 
Checking build modules
Using build modules: lib_i2c(3.0.0) lib_logging(2.0.0) lib_xassert(2.0.0)
Analyzing main.xc
Propagating analysis
Creating dependencies for main.xc
Compiling main.xc
Creating game_of_life.xe
Constraint check for tile[0]:
  Cores available:            8,   used:          7 .  OKAY
  Timers available:          10,   used:          7 .  OKAY
  Chanends available:        32,   used:         22 .  OKAY
  Memory available:       262144,   used:      573768 .  FAILED
    (Stack: 543484, Code: 28676, Data: 1608)
Error: Constraints check FAILED for tile[0].
xmake[1]: *** [bin//game_of_life.xe] Error 1
xmake: *** [bin//game_of_life.xe] Error 2
21:20:52 **** Incremental Build of configuration Default for project game_of_life ****
xmake all 
Checking build modules
Using build modules: lib_i2c(3.0.0) lib_logging(2.0.0) lib_xassert(2.0.0)
Analyzing main.xc
Creating dependencies for main.xc
Compiling main.xc
Creating game_of_life.xe
Build Complete
